<?xml version="1.0" encoding="UTF-8"?>
<!-- Generated by org.testng.reporters.JUnitReportReporter -->
<testsuite hostname="Dell" failures="0" tests="1" name="com.sendkeysandrobotclass.testcases.TC_2" time="22.093" errors="0" timestamp="2021-06-14T12:10:33 PKT" skipped="0">
  <testcase classname="com.sendkeysandrobotclass.testcases.TC_2" name="TC2" time="22.093"/>
  <system-out/>
</testsuite> <!-- com.sendkeysandrobotclass.testcases.TC_2 -->
