<?xml version="1.0" encoding="UTF-8"?>
<!-- Generated by org.testng.reporters.JUnitReportReporter -->
<testsuite hostname="Dell" failures="0" tests="1" name="com.sendkeysandrobotclass.testcases.TC_1" time="22.929" errors="0" timestamp="2021-06-14T12:09:40 PKT" skipped="0">
  <testcase classname="com.sendkeysandrobotclass.testcases.TC_1" name="TC1" time="22.929"/>
  <system-out/>
</testsuite> <!-- com.sendkeysandrobotclass.testcases.TC_1 -->
